<?xml version="1.0" encoding="UTF-8"?>
<!-- Generated by org.testng.reporters.JUnitReportReporter -->
<testsuite hostname="DESKTOP-76EQC2E" failures="0" tests="2" name="ApiAutomation" time="3.607" errors="0" timestamp="2022-07-18T10:43:27 CDT" skipped="0">
  <testcase classname="ApiAutomation" name="stateIsUnique" time="3.441"/>
  <system-out/>
  <testcase classname="ApiAutomation" name="yearIsSame" time="0.166"/>
  <system-out/>
</testsuite> <!-- ApiAutomation -->
