<?xml version="1.0" encoding="UTF-8"?>
<!-- Generated by org.testng.reporters.JUnitReportReporter -->
<testsuite hostname="DESKTOP-76EQC2E" failures="0" tests="3" name="NameUtility" time="0.018" errors="0" timestamp="2022-07-18T10:35:40 CDT" skipped="0">
  <testcase classname="NameUtility" name="testBrunoMars" time="0.015"/>
  <system-out/>
  <testcase classname="NameUtility" name="testDaveMJones" time="0.002"/>
  <system-out/>
  <testcase classname="NameUtility" name="testMichaelSmith" time="0.001"/>
  <system-out/>
</testsuite> <!-- NameUtility -->
